2014-06-14 14:11:21 Error: [MissingControllerException] Controller class JsController could not be found.
Exception Attributes: array (
  'class' => 'JsController',
  'plugin' => NULL,
)
Request URL: /ultranegocio/sistema/js/bootstrap.min.js
Stack Trace:
#0 D:\xampp\htdocs\ultranegocio\sistema\app\webroot\index.php(108): Dispatcher->dispatch(Object(CakeRequest), Object(CakeResponse))
#1 {main}
2014-06-14 14:12:05 Error: [MissingControllerException] Controller class JsController could not be found.
Exception Attributes: array (
  'class' => 'JsController',
  'plugin' => NULL,
)
Request URL: /ultranegocio/sistema/js/bootstrap.min.js
Stack Trace:
#0 D:\xampp\htdocs\ultranegocio\sistema\app\webroot\index.php(108): Dispatcher->dispatch(Object(CakeRequest), Object(CakeResponse))
#1 {main}
2014-06-14 14:12:40 Error: [MissingControllerException] Controller class JsController could not be found.
Exception Attributes: array (
  'class' => 'JsController',
  'plugin' => NULL,
)
Request URL: /ultranegocio/sistema/js/bootstrap.min.js
Stack Trace:
#0 D:\xampp\htdocs\ultranegocio\sistema\app\webroot\index.php(108): Dispatcher->dispatch(Object(CakeRequest), Object(CakeResponse))
#1 {main}
2014-06-14 14:20:25 Error: [MissingControllerException] Controller class JsController could not be found.
Exception Attributes: array (
  'class' => 'JsController',
  'plugin' => NULL,
)
Request URL: /ultranegocio/sistema/js/bootstrap.min.js
Stack Trace:
#0 D:\xampp\htdocs\ultranegocio\sistema\app\webroot\index.php(108): Dispatcher->dispatch(Object(CakeRequest), Object(CakeResponse))
#1 {main}
2014-06-14 14:21:00 Error: [MissingControllerException] Controller class JsController could not be found.
Exception Attributes: array (
  'class' => 'JsController',
  'plugin' => NULL,
)
Request URL: /ultranegocio/sistema/js/bootstrap.min.js
Stack Trace:
#0 D:\xampp\htdocs\ultranegocio\sistema\app\webroot\index.php(108): Dispatcher->dispatch(Object(CakeRequest), Object(CakeResponse))
#1 {main}
2014-06-14 14:21:08 Error: [MissingControllerException] Controller class AnunciosController could not be found.
Exception Attributes: array (
  'class' => 'AnunciosController',
  'plugin' => NULL,
)
Request URL: /ultranegocio/sistema/vender/anuncios/novo
Stack Trace:
#0 D:\xampp\htdocs\ultranegocio\sistema\app\webroot\index.php(108): Dispatcher->dispatch(Object(CakeRequest), Object(CakeResponse))
#1 {main}
2014-06-14 14:21:08 Error: [MissingControllerException] Controller class JsController could not be found.
Exception Attributes: array (
  'class' => 'JsController',
  'plugin' => NULL,
)
Request URL: /ultranegocio/sistema/js/bootstrap.min.js
Stack Trace:
#0 D:\xampp\htdocs\ultranegocio\sistema\app\webroot\index.php(108): Dispatcher->dispatch(Object(CakeRequest), Object(CakeResponse))
#1 {main}
2014-06-14 14:21:56 Error: [MissingActionException] Action AnunciosController::vender_novo() could not be found.
Exception Attributes: array (
  'controller' => 'AnunciosController',
  'action' => 'vender_novo',
)
Request URL: /ultranegocio/sistema/vender/anuncios/novo
Stack Trace:
#0 D:\xampp\htdocs\ultranegocio\sistema\lib\Cake\Routing\Dispatcher.php(191): Controller->invokeAction(Object(CakeRequest))
#1 D:\xampp\htdocs\ultranegocio\sistema\lib\Cake\Routing\Dispatcher.php(165): Dispatcher->_invoke(Object(AnunciosController), Object(CakeRequest))
#2 D:\xampp\htdocs\ultranegocio\sistema\app\webroot\index.php(108): Dispatcher->dispatch(Object(CakeRequest), Object(CakeResponse))
#3 {main}
2014-06-14 14:21:57 Error: [MissingControllerException] Controller class JsController could not be found.
Exception Attributes: array (
  'class' => 'JsController',
  'plugin' => NULL,
)
Request URL: /ultranegocio/sistema/js/bootstrap.min.js
Stack Trace:
#0 D:\xampp\htdocs\ultranegocio\sistema\app\webroot\index.php(108): Dispatcher->dispatch(Object(CakeRequest), Object(CakeResponse))
#1 {main}
2014-06-14 14:22:10 Error: [MissingViewException] View file "D:\xampp\htdocs\ultranegocio\sistema\app\View\Anuncios\vender_novo.ctp" is missing.
Exception Attributes: array (
  'file' => 'D:\\xampp\\htdocs\\ultranegocio\\sistema\\app\\View\\Anuncios\\vender_novo.ctp',
)
Request URL: /ultranegocio/sistema/vender/anuncios/novo
Stack Trace:
#0 D:\xampp\htdocs\ultranegocio\sistema\lib\Cake\View\View.php(468): View->_getViewFileName(NULL)
#1 D:\xampp\htdocs\ultranegocio\sistema\lib\Cake\Controller\Controller.php(954): View->render(NULL, NULL)
#2 D:\xampp\htdocs\ultranegocio\sistema\lib\Cake\Routing\Dispatcher.php(198): Controller->render()
#3 D:\xampp\htdocs\ultranegocio\sistema\lib\Cake\Routing\Dispatcher.php(165): Dispatcher->_invoke(Object(AnunciosController), Object(CakeRequest))
#4 D:\xampp\htdocs\ultranegocio\sistema\app\webroot\index.php(108): Dispatcher->dispatch(Object(CakeRequest), Object(CakeResponse))
#5 {main}
2014-06-14 14:22:10 Error: [MissingControllerException] Controller class JsController could not be found.
Exception Attributes: array (
  'class' => 'JsController',
  'plugin' => NULL,
)
Request URL: /ultranegocio/sistema/js/bootstrap.min.js
Stack Trace:
#0 D:\xampp\htdocs\ultranegocio\sistema\app\webroot\index.php(108): Dispatcher->dispatch(Object(CakeRequest), Object(CakeResponse))
#1 {main}
2014-06-14 14:23:03 Error: [MissingControllerException] Controller class JsController could not be found.
Exception Attributes: array (
  'class' => 'JsController',
  'plugin' => NULL,
)
Request URL: /ultranegocio/sistema/js/bootstrap.min.js
Stack Trace:
#0 D:\xampp\htdocs\ultranegocio\sistema\app\webroot\index.php(108): Dispatcher->dispatch(Object(CakeRequest), Object(CakeResponse))
#1 {main}
2014-06-14 14:29:44 Error: [MissingControllerException] Controller class JsController could not be found.
Exception Attributes: array (
  'class' => 'JsController',
  'plugin' => NULL,
)
Request URL: /ultranegocio/sistema/js/bootstrap.min.js
Stack Trace:
#0 D:\xampp\htdocs\ultranegocio\sistema\app\webroot\index.php(108): Dispatcher->dispatch(Object(CakeRequest), Object(CakeResponse))
#1 {main}
2014-06-14 14:30:09 Error: [MissingControllerException] Controller class JsController could not be found.
Exception Attributes: array (
  'class' => 'JsController',
  'plugin' => NULL,
)
Request URL: /ultranegocio/sistema/js/bootstrap.min.js
Stack Trace:
#0 D:\xampp\htdocs\ultranegocio\sistema\app\webroot\index.php(108): Dispatcher->dispatch(Object(CakeRequest), Object(CakeResponse))
#1 {main}
2014-06-14 14:30:53 Error: [MissingControllerException] Controller class JsController could not be found.
Exception Attributes: array (
  'class' => 'JsController',
  'plugin' => NULL,
)
Request URL: /ultranegocio/sistema/js/bootstrap.min.js
Stack Trace:
#0 D:\xampp\htdocs\ultranegocio\sistema\app\webroot\index.php(108): Dispatcher->dispatch(Object(CakeRequest), Object(CakeResponse))
#1 {main}
2014-06-14 14:31:06 Error: [MissingActionException] Action AnunciosController::index() could not be found.
Exception Attributes: array (
  'controller' => 'AnunciosController',
  'action' => 'index',
)
Request URL: /ultranegocio/sistema/anuncios
Stack Trace:
#0 D:\xampp\htdocs\ultranegocio\sistema\lib\Cake\Routing\Dispatcher.php(191): Controller->invokeAction(Object(CakeRequest))
#1 D:\xampp\htdocs\ultranegocio\sistema\lib\Cake\Routing\Dispatcher.php(165): Dispatcher->_invoke(Object(AnunciosController), Object(CakeRequest))
#2 D:\xampp\htdocs\ultranegocio\sistema\app\webroot\index.php(108): Dispatcher->dispatch(Object(CakeRequest), Object(CakeResponse))
#3 {main}
2014-06-14 14:31:06 Error: [MissingControllerException] Controller class JsController could not be found.
Exception Attributes: array (
  'class' => 'JsController',
  'plugin' => NULL,
)
Request URL: /ultranegocio/sistema/js/bootstrap.min.js
Stack Trace:
#0 D:\xampp\htdocs\ultranegocio\sistema\app\webroot\index.php(108): Dispatcher->dispatch(Object(CakeRequest), Object(CakeResponse))
#1 {main}
2014-06-14 14:31:15 Error: [MissingActionException] Action AnunciosController::index() could not be found.
Exception Attributes: array (
  'controller' => 'AnunciosController',
  'action' => 'index',
)
Request URL: /ultranegocio/sistema/anuncios
Stack Trace:
#0 D:\xampp\htdocs\ultranegocio\sistema\lib\Cake\Routing\Dispatcher.php(191): Controller->invokeAction(Object(CakeRequest))
#1 D:\xampp\htdocs\ultranegocio\sistema\lib\Cake\Routing\Dispatcher.php(165): Dispatcher->_invoke(Object(AnunciosController), Object(CakeRequest))
#2 D:\xampp\htdocs\ultranegocio\sistema\app\webroot\index.php(108): Dispatcher->dispatch(Object(CakeRequest), Object(CakeResponse))
#3 {main}
2014-06-14 14:31:15 Error: [MissingControllerException] Controller class JsController could not be found.
Exception Attributes: array (
  'class' => 'JsController',
  'plugin' => NULL,
)
Request URL: /ultranegocio/sistema/js/bootstrap.min.js
Stack Trace:
#0 D:\xampp\htdocs\ultranegocio\sistema\app\webroot\index.php(108): Dispatcher->dispatch(Object(CakeRequest), Object(CakeResponse))
#1 {main}
2014-06-14 14:31:16 Error: [MissingControllerException] Controller class JsController could not be found.
Exception Attributes: array (
  'class' => 'JsController',
  'plugin' => NULL,
)
Request URL: /ultranegocio/sistema/js/bootstrap.min.js
Stack Trace:
#0 D:\xampp\htdocs\ultranegocio\sistema\app\webroot\index.php(108): Dispatcher->dispatch(Object(CakeRequest), Object(CakeResponse))
#1 {main}
2014-06-14 14:31:16 Error: [MissingActionException] Action AnunciosController::index() could not be found.
Exception Attributes: array (
  'controller' => 'AnunciosController',
  'action' => 'index',
)
Request URL: /ultranegocio/sistema/anuncios
Stack Trace:
#0 D:\xampp\htdocs\ultranegocio\sistema\lib\Cake\Routing\Dispatcher.php(191): Controller->invokeAction(Object(CakeRequest))
#1 D:\xampp\htdocs\ultranegocio\sistema\lib\Cake\Routing\Dispatcher.php(165): Dispatcher->_invoke(Object(AnunciosController), Object(CakeRequest))
#2 D:\xampp\htdocs\ultranegocio\sistema\app\webroot\index.php(108): Dispatcher->dispatch(Object(CakeRequest), Object(CakeResponse))
#3 {main}
2014-06-14 14:31:17 Error: [MissingControllerException] Controller class JsController could not be found.
Exception Attributes: array (
  'class' => 'JsController',
  'plugin' => NULL,
)
Request URL: /ultranegocio/sistema/js/bootstrap.min.js
Stack Trace:
#0 D:\xampp\htdocs\ultranegocio\sistema\app\webroot\index.php(108): Dispatcher->dispatch(Object(CakeRequest), Object(CakeResponse))
#1 {main}
2014-06-14 14:31:17 Error: [MissingControllerException] Controller class JsController could not be found.
Exception Attributes: array (
  'class' => 'JsController',
  'plugin' => NULL,
)
Request URL: /ultranegocio/sistema/js/bootstrap.min.js
Stack Trace:
#0 D:\xampp\htdocs\ultranegocio\sistema\app\webroot\index.php(108): Dispatcher->dispatch(Object(CakeRequest), Object(CakeResponse))
#1 {main}
2014-06-14 14:31:19 Error: [MissingActionException] Action AnunciosController::index() could not be found.
Exception Attributes: array (
  'controller' => 'AnunciosController',
  'action' => 'index',
)
Request URL: /ultranegocio/sistema/anuncios
Stack Trace:
#0 D:\xampp\htdocs\ultranegocio\sistema\lib\Cake\Routing\Dispatcher.php(191): Controller->invokeAction(Object(CakeRequest))
#1 D:\xampp\htdocs\ultranegocio\sistema\lib\Cake\Routing\Dispatcher.php(165): Dispatcher->_invoke(Object(AnunciosController), Object(CakeRequest))
#2 D:\xampp\htdocs\ultranegocio\sistema\app\webroot\index.php(108): Dispatcher->dispatch(Object(CakeRequest), Object(CakeResponse))
#3 {main}
2014-06-14 14:31:19 Error: [MissingControllerException] Controller class JsController could not be found.
Exception Attributes: array (
  'class' => 'JsController',
  'plugin' => NULL,
)
Request URL: /ultranegocio/sistema/js/bootstrap.min.js
Stack Trace:
#0 D:\xampp\htdocs\ultranegocio\sistema\app\webroot\index.php(108): Dispatcher->dispatch(Object(CakeRequest), Object(CakeResponse))
#1 {main}
2014-06-14 14:31:23 Error: [MissingControllerException] Controller class JsController could not be found.
Exception Attributes: array (
  'class' => 'JsController',
  'plugin' => NULL,
)
Request URL: /ultranegocio/sistema/js/bootstrap.min.js
Stack Trace:
#0 D:\xampp\htdocs\ultranegocio\sistema\app\webroot\index.php(108): Dispatcher->dispatch(Object(CakeRequest), Object(CakeResponse))
#1 {main}
2014-06-14 14:35:26 Error: [MissingControllerException] Controller class UsuariosController could not be found.
Exception Attributes: array (
  'class' => 'UsuariosController',
  'plugin' => NULL,
)
Request URL: /ultranegocio/sistema/usuarios/entrar
Stack Trace:
#0 D:\xampp\htdocs\ultranegocio\sistema\app\webroot\index.php(108): Dispatcher->dispatch(Object(CakeRequest), Object(CakeResponse))
#1 {main}
2014-06-14 14:35:26 Error: [MissingControllerException] Controller class JsController could not be found.
Exception Attributes: array (
  'class' => 'JsController',
  'plugin' => NULL,
)
Request URL: /ultranegocio/sistema/js/bootstrap.min.js
Stack Trace:
#0 D:\xampp\htdocs\ultranegocio\sistema\app\webroot\index.php(108): Dispatcher->dispatch(Object(CakeRequest), Object(CakeResponse))
#1 {main}
2014-06-14 14:37:23 Error: [MissingActionException] Action UsuariosController::entrar() could not be found.
Exception Attributes: array (
  'controller' => 'UsuariosController',
  'action' => 'entrar',
)
Request URL: /ultranegocio/sistema/usuarios/entrar
Stack Trace:
#0 D:\xampp\htdocs\ultranegocio\sistema\lib\Cake\Routing\Dispatcher.php(191): Controller->invokeAction(Object(CakeRequest))
#1 D:\xampp\htdocs\ultranegocio\sistema\lib\Cake\Routing\Dispatcher.php(165): Dispatcher->_invoke(Object(UsuariosController), Object(CakeRequest))
#2 D:\xampp\htdocs\ultranegocio\sistema\app\webroot\index.php(108): Dispatcher->dispatch(Object(CakeRequest), Object(CakeResponse))
#3 {main}
2014-06-14 14:37:23 Error: [MissingControllerException] Controller class JsController could not be found.
Exception Attributes: array (
  'class' => 'JsController',
  'plugin' => NULL,
)
Request URL: /ultranegocio/sistema/js/bootstrap.min.js
Stack Trace:
#0 D:\xampp\htdocs\ultranegocio\sistema\app\webroot\index.php(108): Dispatcher->dispatch(Object(CakeRequest), Object(CakeResponse))
#1 {main}
2014-06-14 14:37:36 Error: [MissingViewException] View file "D:\xampp\htdocs\ultranegocio\sistema\app\View\Usuarios\entrar.ctp" is missing.
Exception Attributes: array (
  'file' => 'D:\\xampp\\htdocs\\ultranegocio\\sistema\\app\\View\\Usuarios\\entrar.ctp',
)
Request URL: /ultranegocio/sistema/usuarios/entrar
Stack Trace:
#0 D:\xampp\htdocs\ultranegocio\sistema\lib\Cake\View\View.php(468): View->_getViewFileName(NULL)
#1 D:\xampp\htdocs\ultranegocio\sistema\lib\Cake\Controller\Controller.php(954): View->render(NULL, NULL)
#2 D:\xampp\htdocs\ultranegocio\sistema\lib\Cake\Routing\Dispatcher.php(198): Controller->render()
#3 D:\xampp\htdocs\ultranegocio\sistema\lib\Cake\Routing\Dispatcher.php(165): Dispatcher->_invoke(Object(UsuariosController), Object(CakeRequest))
#4 D:\xampp\htdocs\ultranegocio\sistema\app\webroot\index.php(108): Dispatcher->dispatch(Object(CakeRequest), Object(CakeResponse))
#5 {main}
2014-06-14 14:37:36 Error: [MissingControllerException] Controller class JsController could not be found.
Exception Attributes: array (
  'class' => 'JsController',
  'plugin' => NULL,
)
Request URL: /ultranegocio/sistema/js/bootstrap.min.js
Stack Trace:
#0 D:\xampp\htdocs\ultranegocio\sistema\app\webroot\index.php(108): Dispatcher->dispatch(Object(CakeRequest), Object(CakeResponse))
#1 {main}
2014-06-14 14:38:30 Error: [MissingControllerException] Controller class JsController could not be found.
Exception Attributes: array (
  'class' => 'JsController',
  'plugin' => NULL,
)
Request URL: /ultranegocio/sistema/js/bootstrap.min.js
Stack Trace:
#0 D:\xampp\htdocs\ultranegocio\sistema\app\webroot\index.php(108): Dispatcher->dispatch(Object(CakeRequest), Object(CakeResponse))
#1 {main}
2014-06-14 14:41:06 Error: [MissingControllerException] Controller class JsController could not be found.
Exception Attributes: array (
  'class' => 'JsController',
  'plugin' => NULL,
)
Request URL: /ultranegocio/sistema/js/bootstrap.min.js
Stack Trace:
#0 D:\xampp\htdocs\ultranegocio\sistema\app\webroot\index.php(108): Dispatcher->dispatch(Object(CakeRequest), Object(CakeResponse))
#1 {main}
2014-06-14 14:41:26 Error: [MissingActionException] Action UsuariosController::cadastro() could not be found.
Exception Attributes: array (
  'controller' => 'UsuariosController',
  'action' => 'cadastro',
)
Request URL: /ultranegocio/sistema/usuarios/cadastro
Stack Trace:
#0 D:\xampp\htdocs\ultranegocio\sistema\lib\Cake\Routing\Dispatcher.php(191): Controller->invokeAction(Object(CakeRequest))
#1 D:\xampp\htdocs\ultranegocio\sistema\lib\Cake\Routing\Dispatcher.php(165): Dispatcher->_invoke(Object(UsuariosController), Object(CakeRequest))
#2 D:\xampp\htdocs\ultranegocio\sistema\app\webroot\index.php(108): Dispatcher->dispatch(Object(CakeRequest), Object(CakeResponse))
#3 {main}
2014-06-14 14:41:26 Error: [MissingControllerException] Controller class JsController could not be found.
Exception Attributes: array (
  'class' => 'JsController',
  'plugin' => NULL,
)
Request URL: /ultranegocio/sistema/js/bootstrap.min.js
Stack Trace:
#0 D:\xampp\htdocs\ultranegocio\sistema\app\webroot\index.php(108): Dispatcher->dispatch(Object(CakeRequest), Object(CakeResponse))
#1 {main}
2014-06-14 14:41:45 Error: [MissingViewException] View file "D:\xampp\htdocs\ultranegocio\sistema\app\View\Usuarios\cadastro.ctp" is missing.
Exception Attributes: array (
  'file' => 'D:\\xampp\\htdocs\\ultranegocio\\sistema\\app\\View\\Usuarios\\cadastro.ctp',
)
Request URL: /ultranegocio/sistema/usuarios/cadastro
Stack Trace:
#0 D:\xampp\htdocs\ultranegocio\sistema\lib\Cake\View\View.php(468): View->_getViewFileName(NULL)
#1 D:\xampp\htdocs\ultranegocio\sistema\lib\Cake\Controller\Controller.php(954): View->render(NULL, NULL)
#2 D:\xampp\htdocs\ultranegocio\sistema\lib\Cake\Routing\Dispatcher.php(198): Controller->render()
#3 D:\xampp\htdocs\ultranegocio\sistema\lib\Cake\Routing\Dispatcher.php(165): Dispatcher->_invoke(Object(UsuariosController), Object(CakeRequest))
#4 D:\xampp\htdocs\ultranegocio\sistema\app\webroot\index.php(108): Dispatcher->dispatch(Object(CakeRequest), Object(CakeResponse))
#5 {main}
2014-06-14 14:41:45 Error: [MissingControllerException] Controller class JsController could not be found.
Exception Attributes: array (
  'class' => 'JsController',
  'plugin' => NULL,
)
Request URL: /ultranegocio/sistema/js/bootstrap.min.js
Stack Trace:
#0 D:\xampp\htdocs\ultranegocio\sistema\app\webroot\index.php(108): Dispatcher->dispatch(Object(CakeRequest), Object(CakeResponse))
#1 {main}
2014-06-14 14:42:09 Error: [MissingControllerException] Controller class JsController could not be found.
Exception Attributes: array (
  'class' => 'JsController',
  'plugin' => NULL,
)
Request URL: /ultranegocio/sistema/js/bootstrap.min.js
Stack Trace:
#0 D:\xampp\htdocs\ultranegocio\sistema\app\webroot\index.php(108): Dispatcher->dispatch(Object(CakeRequest), Object(CakeResponse))
#1 {main}
2014-06-14 14:44:23 Error: [MissingControllerException] Controller class JsController could not be found.
Exception Attributes: array (
  'class' => 'JsController',
  'plugin' => NULL,
)
Request URL: /ultranegocio/sistema/js/bootstrap.min.js
Stack Trace:
#0 D:\xampp\htdocs\ultranegocio\sistema\app\webroot\index.php(108): Dispatcher->dispatch(Object(CakeRequest), Object(CakeResponse))
#1 {main}
2014-06-14 14:46:44 Error: [MissingControllerException] Controller class JsController could not be found.
Exception Attributes: array (
  'class' => 'JsController',
  'plugin' => NULL,
)
Request URL: /ultranegocio/sistema/js/bootstrap.min.js
Stack Trace:
#0 D:\xampp\htdocs\ultranegocio\sistema\app\webroot\index.php(108): Dispatcher->dispatch(Object(CakeRequest), Object(CakeResponse))
#1 {main}
2014-06-14 14:47:18 Error: [MissingControllerException] Controller class JsController could not be found.
Exception Attributes: array (
  'class' => 'JsController',
  'plugin' => NULL,
)
Request URL: /ultranegocio/sistema/js/bootstrap.min.js
Stack Trace:
#0 D:\xampp\htdocs\ultranegocio\sistema\app\webroot\index.php(108): Dispatcher->dispatch(Object(CakeRequest), Object(CakeResponse))
#1 {main}
2014-06-14 14:47:51 Error: [MissingControllerException] Controller class JsController could not be found.
Exception Attributes: array (
  'class' => 'JsController',
  'plugin' => NULL,
)
Request URL: /ultranegocio/sistema/js/bootstrap.min.js
Stack Trace:
#0 D:\xampp\htdocs\ultranegocio\sistema\app\webroot\index.php(108): Dispatcher->dispatch(Object(CakeRequest), Object(CakeResponse))
#1 {main}
2014-06-14 14:49:16 Error: [MissingControllerException] Controller class JsController could not be found.
Exception Attributes: array (
  'class' => 'JsController',
  'plugin' => NULL,
)
Request URL: /ultranegocio/sistema/js/bootstrap.min.js
Stack Trace:
#0 D:\xampp\htdocs\ultranegocio\sistema\app\webroot\index.php(108): Dispatcher->dispatch(Object(CakeRequest), Object(CakeResponse))
#1 {main}
2014-06-14 14:49:57 Error: [MissingControllerException] Controller class JsController could not be found.
Exception Attributes: array (
  'class' => 'JsController',
  'plugin' => NULL,
)
Request URL: /ultranegocio/sistema/js/bootstrap.min.js
Stack Trace:
#0 D:\xampp\htdocs\ultranegocio\sistema\app\webroot\index.php(108): Dispatcher->dispatch(Object(CakeRequest), Object(CakeResponse))
#1 {main}
2014-06-14 14:56:43 Error: [MissingControllerException] Controller class JsController could not be found.
Exception Attributes: array (
  'class' => 'JsController',
  'plugin' => NULL,
)
Request URL: /ultranegocio/sistema/js/bootstrap.min.js
Stack Trace:
#0 D:\xampp\htdocs\ultranegocio\sistema\app\webroot\index.php(108): Dispatcher->dispatch(Object(CakeRequest), Object(CakeResponse))
#1 {main}
2014-06-14 15:00:55 Error: [MissingControllerException] Controller class JsController could not be found.
Exception Attributes: array (
  'class' => 'JsController',
  'plugin' => NULL,
)
Request URL: /ultranegocio/sistema/js/bootstrap.min.js
Stack Trace:
#0 D:\xampp\htdocs\ultranegocio\sistema\app\webroot\index.php(108): Dispatcher->dispatch(Object(CakeRequest), Object(CakeResponse))
#1 {main}
2014-06-14 15:02:50 Error: [MissingControllerException] Controller class JsController could not be found.
Exception Attributes: array (
  'class' => 'JsController',
  'plugin' => NULL,
)
Request URL: /ultranegocio/sistema/js/bootstrap.min.js
Stack Trace:
#0 D:\xampp\htdocs\ultranegocio\sistema\app\webroot\index.php(108): Dispatcher->dispatch(Object(CakeRequest), Object(CakeResponse))
#1 {main}
2014-06-14 15:02:52 Error: [MissingControllerException] Controller class JsController could not be found.
Exception Attributes: array (
  'class' => 'JsController',
  'plugin' => NULL,
)
Request URL: /ultranegocio/sistema/js/bootstrap.min.js
Stack Trace:
#0 D:\xampp\htdocs\ultranegocio\sistema\app\webroot\index.php(108): Dispatcher->dispatch(Object(CakeRequest), Object(CakeResponse))
#1 {main}
